<?xml version="1.0" encoding="UTF-8"?>
<testsuite xmlns:xsi="http://www.w3.org/2001/XMLSchema-instance" xsi:noNamespaceSchemaLocation="https://maven.apache.org/surefire/maven-surefire-plugin/xsd/surefire-test-report-3.0.xsd" version="3.0" name="com.udacity.security.service.SecurityServiceTest" time="0.355" tests="21" errors="0" skipped="0" failures="0">
  <properties>
[...]
</properties>
  <testcase name="whenCameraShowsCat_alarm" classname="com.udacity.security.service.SecurityServiceTest" time="0.284"/>
  <testcase name="whenSensorDeactivatedAndStatusPending_noAlarmStateChange(AlarmStatus)[1]" classname="com.udacity.security.service.SecurityServiceTest" time="0.011"/>
  <testcase name="whenSensorDeactivatedAndStatusPending_noAlarmStateChange(AlarmStatus)[2]" classname="com.udacity.security.service.SecurityServiceTest" time="0.001"/>
  <testcase name="whenSensorDeactivatedAndStatusPending_noAlarmStateChange(AlarmStatus)[3]" classname="com.udacity.security.service.SecurityServiceTest" time="0.001"/>
  <testcase name="whenSensorActiveAndAlarm" classname="com.udacity.security.service.SecurityServiceTest" time="0.001"/>
  <testcase name="toggleStatusListener" classname="com.udacity.security.service.SecurityServiceTest" time="0.001"/>
  <testcase name="whenImageServiceIdentifiesNoCat_noAlarm" classname="com.udacity.security.service.SecurityServiceTest" time="0.002"/>
  <testcase name="addRemoveSensors" classname="com.udacity.security.service.SecurityServiceTest" time="0.001"/>
  <testcase name="whenAlarmArmedAndSensorActivated_pending(ArmingStatus)[1]" classname="com.udacity.security.service.SecurityServiceTest" time="0.002"/>
  <testcase name="whenAlarmArmedAndSensorActivated_pending(ArmingStatus)[2]" classname="com.udacity.security.service.SecurityServiceTest" time="0.001"/>
  <testcase name="whenSensorActivatedAndStatusPending" classname="com.udacity.security.service.SecurityServiceTest" time="0.001"/>
  <testcase name="whenImageServiceIdentifiesCat_alarm" classname="com.udacity.security.service.SecurityServiceTest" time="0.001"/>
  <testcase name="whenSystemArmed_resetSensors(ArmingStatus)[1]" classname="com.udacity.security.service.SecurityServiceTest" time="0.003"/>
  <testcase name="whenSystemArmed_resetSensors(ArmingStatus)[2]" classname="com.udacity.security.service.SecurityServiceTest" time="0.002"/>
  <testcase name="whenSensorActiveAndPendingAlarm" classname="com.udacity.security.service.SecurityServiceTest" time="0.001"/>
  <testcase name="whenAlarmArmedAndSensorActivatedAndStatusPending_alarm(ArmingStatus)[1]" classname="com.udacity.security.service.SecurityServiceTest" time="0.001"/>
  <testcase name="whenAlarmArmedAndSensorActivatedAndStatusPending_alarm(ArmingStatus)[2]" classname="com.udacity.security.service.SecurityServiceTest" time="0.001"/>
  <testcase name="whenAlarmActiveIfSensorDeactivated_noSensorChange(boolean)[1]" classname="com.udacity.security.service.SecurityServiceTest" time="0.001"/>
  <testcase name="whenAlarmActiveIfSensorDeactivated_noSensorChange(boolean)[2]" classname="com.udacity.security.service.SecurityServiceTest" time="0.001"/>
  <testcase name="whenSystemDisarmed_noAlarm" classname="com.udacity.security.service.SecurityServiceTest" time="0.001"/>
  <testcase name="whenPendingAlarmAndAllSensorsInactive_noAlarm" classname="com.udacity.security.service.SecurityServiceTest" time="0.001"/>
</testsuite>